"../../../Engine/Content/Animation/DefaultAnimBoneCompressionSettings.uasset" 0
"D:/UE4-Projects/CSS_Remastered/Content/Objects/Door/Models/DoorKnob_Skeleton.uasset" 1
"D:/UE4-Projects/CSS_Remastered/Content/Objects/Door/Models/DoorKnob_Anim.uasset" 2
"D:/UE4-Projects/CSS_Remastered/Content/Objects/Filecabnet/Models/FileCab_Skeleton.uasset" 3
"D:/UE4-Projects/CSS_Remastered/Content/Objects/Filecabnet/Models/FileCab_Anim.uasset" 4
"D:/UE4-Projects/CSS_Remastered/Content/Objects/Office_Chair/Models/OfficeChair_Skeleton.uasset" 5
"D:/UE4-Projects/CSS_Remastered/Content/Objects/Office_Chair/Models/OfficeChair_Anim.uasset" 6
"D:/UE4-Projects/CSS_Remastered/Content/Player/Models/CT/GameSAS_Skeleton.uasset" 7
"D:/UE4-Projects/CSS_Remastered/Content/Player/Models/CT/GameSAS_Anim_ct_sas_qc_skeleton_Idle.uasset" 8
"D:/UE4-Projects/CSS_Remastered/Content/Player/Models/CT/GameSAS_Anim_ct_sas_qc_skeleton_Walk.uasset" 9
"D:/UE4-Projects/CSS_Remastered/Content/Player/Models/CT/GameSAS_Anim_ct_sas_qc_skeleton_Walk_Backwards.uasset" 10
"D:/UE4-Projects/CSS_Remastered/Content/Player/Animations/CT/SAS_AGENT_ABS.uasset" 11
"../../../Engine/Content/EditorBlueprintResources/StandardMacros.uasset" 12
"D:/UE4-Projects/CSS_Remastered/Content/Player/Sounds/concrete1.uasset" 13
"D:/UE4-Projects/CSS_Remastered/Content/Player/Sounds/concrete2.uasset" 14
"D:/UE4-Projects/CSS_Remastered/Content/Player/Sounds/concrete3.uasset" 15
"D:/UE4-Projects/CSS_Remastered/Content/Player/Sounds/concrete4.uasset" 16
"D:/UE4-Projects/CSS_Remastered/Content/Player/Animations/CT/SAS_AGENT_ABP.uasset" 17
"D:/UE4-Projects/CSS_Remastered/Content/Blueprints/Interfaces/HealthInterface.uasset" 18
"D:/UE4-Projects/CSS_Remastered/Content/Blueprints/Interfaces/Interactible.uasset" 19
"D:/UE4-Projects/CSS_Remastered/Content/Objects/Buyzone/BP_Buyzone.uasset" 20
"D:/UE4-Projects/CSS_Remastered/Content/Player/Blueprints/CameraShakes/CS_Walk.uasset" 21
"D:/UE4-Projects/CSS_Remastered/Content/Weapons/Interfaces/Weapon_INTERFACE.uasset" 22
"D:/UE4-Projects/CSS_Remastered/Content/Weapons/Knife/Anims/Knife_Skeleton.uasset" 23
"D:/UE4-Projects/CSS_Remastered/Content/Weapons/Knife/Anims/Knife_Anim_v_knife_t_qc_skeleton_idle.uasset" 24
"D:/UE4-Projects/CSS_Remastered/Content/Weapons/Knife/Anims/KnifeARMS_ABP.uasset" 25
"D:/UE4-Projects/CSS_Remastered/Content/Weapons/Knife/Sounds/knife_deploy1.uasset" 26
"D:/UE4-Projects/CSS_Remastered/Content/Weapons/Knife/Anims/Knife_Anim_v_knife_t_qc_skeleton_draw.uasset" 27
"D:/UE4-Projects/CSS_Remastered/Content/Weapons/Knife/Anims/Knife_Anim_v_knife_t_qc_skeleton_draw_Montage.uasset" 28
"D:/UE4-Projects/CSS_Remastered/Content/Weapons/Knife/Anims/Knife_Anim_v_knife_t_qc_skeleton_midslash1.uasset" 29
"D:/UE4-Projects/CSS_Remastered/Content/Weapons/Knife/Anims/Knife_Anim_v_knife_t_qc_skeleton_midslash1_Montage.uasset" 30
"D:/UE4-Projects/CSS_Remastered/Content/Weapons/Knife/Anims/Knife_Anim_v_knife_t_qc_skeleton_midslash2.uasset" 31
"D:/UE4-Projects/CSS_Remastered/Content/Weapons/Knife/Anims/Knife_Anim_v_knife_t_qc_skeleton_midslash2_Montage.uasset" 32
"D:/UE4-Projects/CSS_Remastered/Content/Weapons/Knife/Anims/Knife_Anim_v_knife_t_qc_skeleton_stab_miss.uasset" 33
"D:/UE4-Projects/CSS_Remastered/Content/Weapons/Knife/Anims/Knife_Anim_v_knife_t_qc_skeleton_stab_miss_Montage.uasset" 34
"D:/UE4-Projects/CSS_Remastered/Content/Weapons/Knife/Sounds/knife_stab.uasset" 35
"D:/UE4-Projects/CSS_Remastered/Content/Weapons/Knife/Anims/Knife_Anim_v_knife_t_qc_skeleton_stab.uasset" 36
"D:/UE4-Projects/CSS_Remastered/Content/Weapons/Knife/Anims/Knife_Anim_v_knife_t_qc_skeleton_stab_Montage.uasset" 37
"D:/UE4-Projects/CSS_Remastered/Content/Weapons/Knife/Anims/knife_t1.uasset" 38
"D:/UE4-Projects/CSS_Remastered/Content/Weapons/Knife/Anims/knife_t.uasset" 39
"D:/UE4-Projects/CSS_Remastered/Content/Weapons/Knife/Anims/CSSHand.uasset" 40
"D:/UE4-Projects/CSS_Remastered/Content/Weapons/Knife/Anims/v_hands.uasset" 41
"D:/UE4-Projects/CSS_Remastered/Content/Weapons/Knife/Anims/Knife_PhysicsAsset.uasset" 42
"D:/UE4-Projects/CSS_Remastered/Content/Weapons/Knife/Anims/Knife.uasset" 43
"D:/UE4-Projects/CSS_Remastered/Content/Weapons/Knife/Sounds/knife_hit1.uasset" 44
"D:/UE4-Projects/CSS_Remastered/Content/Weapons/Knife/Sounds/knife_hit2.uasset" 45
"D:/UE4-Projects/CSS_Remastered/Content/Weapons/Knife/Sounds/knife_hit3.uasset" 46
"D:/UE4-Projects/CSS_Remastered/Content/Weapons/Knife/Sounds/knife_hit4.uasset" 47
"D:/UE4-Projects/CSS_Remastered/Content/Weapons/Knife/Sounds/knife_hitwall1.uasset" 48
"D:/UE4-Projects/CSS_Remastered/Content/Weapons/Knife/Sounds/knife_slash1.uasset" 49
"D:/UE4-Projects/CSS_Remastered/Content/Weapons/Knife/Sounds/knife_slash2.uasset" 50
"D:/UE4-Projects/CSS_Remastered/Content/Weapons/Knife/BP_Knife.uasset" 51
"D:/UE4-Projects/CSS_Remastered/Content/Weapons/AK47/Models/View/AK47_Skeleton.uasset" 52
"D:/UE4-Projects/CSS_Remastered/Content/Weapons/AK47/Models/View/AK47_Anim_v_rif_ak47_qc_skeleton_ak47_idle.uasset" 53
"D:/UE4-Projects/CSS_Remastered/Content/Weapons/AK47/Models/View/AK47_ARMS_ABP.uasset" 54
"D:/UE4-Projects/CSS_Remastered/Content/Weapons/AK47/Sounds/ak47_boltpull.uasset" 55
"D:/UE4-Projects/CSS_Remastered/Content/Weapons/AK47/Models/View/AK47_Anim_v_rif_ak47_qc_skeleton_ak47_draw.uasset" 56
"D:/UE4-Projects/CSS_Remastered/Content/Weapons/AK47/Models/View/AK47_Anim_v_rif_ak47_qc_skeleton_ak47_draw_Montage.uasset" 57
"D:/UE4-Projects/CSS_Remastered/Content/Weapons/AK47/Models/View/AK47_Anim_v_rif_ak47_qc_skeleton_ak47_fire1.uasset" 58
"D:/UE4-Projects/CSS_Remastered/Content/Weapons/AK47/Models/View/AK47_Anim_v_rif_ak47_qc_skeleton_ak47_fire1_Montage.uasset" 59
"D:/UE4-Projects/CSS_Remastered/Content/Weapons/AK47/Sounds/ak47_clipin.uasset" 60
"D:/UE4-Projects/CSS_Remastered/Content/Weapons/AK47/Sounds/ak47_clipout.uasset" 61
"D:/UE4-Projects/CSS_Remastered/Content/Weapons/AK47/Models/View/AK47_Anim_v_rif_ak47_qc_skeleton_ak47_reload.uasset" 62
"D:/UE4-Projects/CSS_Remastered/Content/Weapons/AK47/Models/View/AK47_Anim_v_rif_ak47_qc_skeleton_ak47_reload_Montage.uasset" 63
"D:/UE4-Projects/CSS_Remastered/Content/Textures/shot1.uasset" 64
"D:/UE4-Projects/CSS_Remastered/Content/Materials/BulletHole_M.uasset" 65
"../../../Engine/Content/Functions/Engine_MaterialFunctions01/Opacity/CameraDepthFade.uasset" 66
"../../../Engine/Content/EngineMaterials/T_Default_Material_Grid_M.uasset" 67
"../../../Engine/Content/EngineMaterials/T_Default_Material_Grid_N.uasset" 68
"../../../Engine/Content/EngineMaterials/WorldGridMaterial.uasset" 69
"../../../Engine/Content/BasicShapes/Plane.uasset" 70
"D:/UE4-Projects/CSS_Remastered/Content/Objects/Bullethole/BP_Bullethole.uasset" 71
"D:/UE4-Projects/CSS_Remastered/Content/Weapons/Textures/muzzleflashx.uasset" 72
"D:/UE4-Projects/CSS_Remastered/Content/Weapons/Materials/MuzzleFlash_M.uasset" 73
"D:/UE4-Projects/CSS_Remastered/Content/Weapons/AK47/Models/View/rif_ak47skin2.uasset" 74
"D:/UE4-Projects/CSS_Remastered/Content/Weapons/AK47/Models/View/rif_ak47skin1.uasset" 75
"D:/UE4-Projects/CSS_Remastered/Content/Weapons/AK47/Models/View/CSSHand.uasset" 76
"D:/UE4-Projects/CSS_Remastered/Content/Weapons/AK47/Models/View/v_hands.uasset" 77
"D:/UE4-Projects/CSS_Remastered/Content/Weapons/AK47/Models/View/AK47_PhysicsAsset.uasset" 78
"D:/UE4-Projects/CSS_Remastered/Content/Weapons/AK47/Models/View/AK47.uasset" 79
"D:/UE4-Projects/CSS_Remastered/Content/Weapons/AK47/Sounds/ak47-1.uasset" 80
"D:/UE4-Projects/CSS_Remastered/Content/Weapons/AK47/Sounds/clipempty_rifle.uasset" 81
"D:/UE4-Projects/CSS_Remastered/Content/Weapons/AK47/BP_AK47.uasset" 82
"D:/UE4-Projects/CSS_Remastered/Content/Weapons/Deagle/Models/Deagle_Skeleton.uasset" 83
"D:/UE4-Projects/CSS_Remastered/Content/Weapons/Deagle/Models/Deagle_Anim_v_pist_deagle_qc_skeleton_idle1.uasset" 84
"D:/UE4-Projects/CSS_Remastered/Content/Weapons/Deagle/Anims/Deagle_ABP.uasset" 85
"D:/UE4-Projects/CSS_Remastered/Content/Weapons/Deagle/Sounds/de_deploy.uasset" 86
"D:/UE4-Projects/CSS_Remastered/Content/Weapons/Deagle/Models/Deagle_Anim_v_pist_deagle_qc_skeleton_draw.uasset" 87
"D:/UE4-Projects/CSS_Remastered/Content/Weapons/Deagle/Models/Deagle_Anim_v_pist_deagle_qc_skeleton_draw_Montage.uasset" 88
"D:/UE4-Projects/CSS_Remastered/Content/Weapons/Deagle/Sounds/de_clipin.uasset" 89
"D:/UE4-Projects/CSS_Remastered/Content/Weapons/Deagle/Sounds/de_clipout.uasset" 90
"D:/UE4-Projects/CSS_Remastered/Content/Weapons/Deagle/Models/Deagle_Anim_v_pist_deagle_qc_skeleton_reload.uasset" 91
"D:/UE4-Projects/CSS_Remastered/Content/Weapons/Deagle/Models/Deagle_Anim_v_pist_deagle_qc_skeleton_reload_Montage.uasset" 92
"D:/UE4-Projects/CSS_Remastered/Content/Weapons/Deagle/Models/Deagle_Anim_v_pist_deagle_qc_skeleton_shoot1.uasset" 93
"D:/UE4-Projects/CSS_Remastered/Content/Weapons/Deagle/Models/Deagle_Anim_v_pist_deagle_qc_skeleton_shoot1_Montage.uasset" 94
"D:/UE4-Projects/CSS_Remastered/Content/Weapons/Deagle/Models/Deagle_Anim_v_pist_deagle_qc_skeleton_shoot_empty.uasset" 95
"D:/UE4-Projects/CSS_Remastered/Content/Weapons/Deagle/Models/Deagle_Anim_v_pist_deagle_qc_skeleton_shoot_empty_Montage.uasset" 96
"D:/UE4-Projects/CSS_Remastered/Content/Weapons/Deagle/Models/deagle_skin1.uasset" 97
"D:/UE4-Projects/CSS_Remastered/Content/Weapons/Deagle/Models/deagle1.uasset" 98
"D:/UE4-Projects/CSS_Remastered/Content/Weapons/Deagle/Models/CSSHand.uasset" 99
"D:/UE4-Projects/CSS_Remastered/Content/Weapons/Deagle/Models/v_hands.uasset" 100
"D:/UE4-Projects/CSS_Remastered/Content/Weapons/Deagle/Models/Deagle_PhysicsAsset.uasset" 101
"D:/UE4-Projects/CSS_Remastered/Content/Weapons/Deagle/Models/Deagle.uasset" 102
"D:/UE4-Projects/CSS_Remastered/Content/Weapons/Deagle/Sounds/deagle-1.uasset" 103
"D:/UE4-Projects/CSS_Remastered/Content/Weapons/Deagle/BP_Deagle.uasset" 104
"D:/UE4-Projects/CSS_Remastered/Content/Weapons/Granade/Models/View/Granade_Skeleton.uasset" 105
"D:/UE4-Projects/CSS_Remastered/Content/Weapons/Granade/Models/View/Granade_Anim_v_eq_fraggrenade_qc_skeleton_idle.uasset" 106
"D:/UE4-Projects/CSS_Remastered/Content/Weapons/Granade/Models/View/Granade_Throw_Hold.uasset" 107
"D:/UE4-Projects/CSS_Remastered/Content/Weapons/Granade/Anims/Granade_ABP.uasset" 108
"D:/UE4-Projects/CSS_Remastered/Content/Weapons/Granade/Models/View/Granade_Anim_v_eq_fraggrenade_qc_skeleton_deploy.uasset" 109
"D:/UE4-Projects/CSS_Remastered/Content/Weapons/Granade/Models/View/Granade_Anim_v_eq_fraggrenade_qc_skeleton_deploy_Montage.uasset" 110
"D:/UE4-Projects/CSS_Remastered/Content/Weapons/Granade/Sounds/pinpull.uasset" 111
"D:/UE4-Projects/CSS_Remastered/Content/Weapons/Granade/Models/View/Granade_Anim_v_eq_fraggrenade_qc_skeleton_pullpin.uasset" 112
"D:/UE4-Projects/CSS_Remastered/Content/Weapons/Granade/Models/View/Granade_Anim_v_eq_fraggrenade_qc_skeleton_pullpin_Montage.uasset" 113
"D:/UE4-Projects/CSS_Remastered/Content/Weapons/Granade/Models/View/Granade_Anim_v_eq_fraggrenade_qc_skeleton_throw.uasset" 114
"D:/UE4-Projects/CSS_Remastered/Content/Weapons/Granade/Models/View/Granade_Anim_v_eq_fraggrenade_qc_skeleton_throw_Montage.uasset" 115
"D:/UE4-Projects/CSS_Remastered/Content/Audio/3DSOUND.uasset" 116
"D:/UE4-Projects/CSS_Remastered/Content/Textures/tinyfiresprites.uasset" 117
"D:/UE4-Projects/CSS_Remastered/Content/Materials/Fire_PS_M.uasset" 118
"D:/UE4-Projects/CSS_Remastered/Content/Particles/PS_GranadeExplode.uasset" 119
"D:/UE4-Projects/CSS_Remastered/Content/Weapons/Granade/Models/World/w_eq_fraggrenade1.uasset" 120
"D:/UE4-Projects/CSS_Remastered/Content/Weapons/Granade/Models/World/w_eq_fraggrenade.uasset" 121
"D:/UE4-Projects/CSS_Remastered/Content/Weapons/Granade/Models/World/Granade_World_PhysicsAsset.uasset" 122
"D:/UE4-Projects/CSS_Remastered/Content/Weapons/Granade/Models/World/Granade_World_Skeleton.uasset" 123
"D:/UE4-Projects/CSS_Remastered/Content/Weapons/Granade/Models/World/Granade_World.uasset" 124
"D:/UE4-Projects/CSS_Remastered/Content/Weapons/Granade/Sounds/explode3.uasset" 125
"D:/UE4-Projects/CSS_Remastered/Content/Weapons/Granade/Sounds/he_bounce-1.uasset" 126
"D:/UE4-Projects/CSS_Remastered/Content/Weapons/Granade/BP_Granade_THROWN.uasset" 127
"D:/UE4-Projects/CSS_Remastered/Content/Weapons/Granade/Models/View/fraggrenade1.uasset" 128
"D:/UE4-Projects/CSS_Remastered/Content/Weapons/Granade/Models/View/fraggrenade.uasset" 129
"D:/UE4-Projects/CSS_Remastered/Content/Weapons/Granade/Models/View/CSSHand.uasset" 130
"D:/UE4-Projects/CSS_Remastered/Content/Weapons/Granade/Models/View/v_hands.uasset" 131
"D:/UE4-Projects/CSS_Remastered/Content/Weapons/Granade/Models/View/Granade_PhysicsAsset.uasset" 132
"D:/UE4-Projects/CSS_Remastered/Content/Weapons/Granade/Models/View/Granade.uasset" 133
"D:/UE4-Projects/CSS_Remastered/Content/Weapons/Granade/BP_Granade.uasset" 134
"D:/UE4-Projects/CSS_Remastered/Content/Weapons/USP/Models/View/CSSUSP_Skeleton.uasset" 135
"D:/UE4-Projects/CSS_Remastered/Content/Weapons/USP/Anims/CSSUSP_v_pist_usp_qc_skeleton_idle.uasset" 136
"D:/UE4-Projects/CSS_Remastered/Content/Weapons/USP/Anims/CSSUSP_v_pist_usp_qc_skeleton_idle_unsil.uasset" 137
"D:/UE4-Projects/CSS_Remastered/Content/Weapons/USP/Anims/CSS_USP_ABP.uasset" 138
"D:/UE4-Projects/CSS_Remastered/Content/Weapons/USP/Sounds/usp_silencer_on.uasset" 139
"D:/UE4-Projects/CSS_Remastered/Content/Weapons/USP/Anims/CSSUSP_v_pist_usp_qc_skeleton_add_silencer.uasset" 140
"D:/UE4-Projects/CSS_Remastered/Content/Weapons/USP/Anims/CSSUSP_v_pist_usp_qc_skeleton_add_silencer_Montage.uasset" 141
"D:/UE4-Projects/CSS_Remastered/Content/Weapons/USP/Sounds/usp_silencer_off.uasset" 142
"D:/UE4-Projects/CSS_Remastered/Content/Weapons/USP/Anims/CSSUSP_v_pist_usp_qc_skeleton_detach_silencer.uasset" 143
"D:/UE4-Projects/CSS_Remastered/Content/Weapons/USP/Anims/CSSUSP_v_pist_usp_qc_skeleton_detach_silencer_Montage.uasset" 144
"D:/UE4-Projects/CSS_Remastered/Content/Weapons/USP/Sounds/usp_slideback2.uasset" 145
"D:/UE4-Projects/CSS_Remastered/Content/Weapons/USP/Sounds/usp_sliderelease.uasset" 146
"D:/UE4-Projects/CSS_Remastered/Content/Weapons/USP/Anims/CSSUSP_v_pist_usp_qc_skeleton_draw.uasset" 147
"D:/UE4-Projects/CSS_Remastered/Content/Weapons/USP/Anims/CSSUSP_v_pist_usp_qc_skeleton_draw_Montage.uasset" 148
"D:/UE4-Projects/CSS_Remastered/Content/Weapons/USP/Anims/CSSUSP_v_pist_usp_qc_skeleton_draw_unsil.uasset" 149
"D:/UE4-Projects/CSS_Remastered/Content/Weapons/USP/Anims/CSSUSP_v_pist_usp_qc_skeleton_draw_unsil_Montage.uasset" 150
"D:/UE4-Projects/CSS_Remastered/Content/Weapons/USP/Sounds/usp_clipin.uasset" 151
"D:/UE4-Projects/CSS_Remastered/Content/Weapons/USP/Sounds/usp_clipout.uasset" 152
"D:/UE4-Projects/CSS_Remastered/Content/Weapons/USP/Anims/CSSUSP_v_pist_usp_qc_skeleton_reload.uasset" 153
"D:/UE4-Projects/CSS_Remastered/Content/Weapons/USP/Anims/CSSUSP_v_pist_usp_qc_skeleton_reload_Montage.uasset" 154
"D:/UE4-Projects/CSS_Remastered/Content/Weapons/USP/Anims/CSSUSP_v_pist_usp_qc_skeleton_reload_unsil.uasset" 155
"D:/UE4-Projects/CSS_Remastered/Content/Weapons/USP/Anims/CSSUSP_v_pist_usp_qc_skeleton_reload_unsil_Montage.uasset" 156
"D:/UE4-Projects/CSS_Remastered/Content/Weapons/USP/Anims/CSSUSP_v_pist_usp_qc_skeleton_shoot1_unsil.uasset" 157
"D:/UE4-Projects/CSS_Remastered/Content/Weapons/USP/Anims/CSSUSP_v_pist_usp_qc_skeleton_shoot1_Montage.uasset" 158
"D:/UE4-Projects/CSS_Remastered/Content/Weapons/USP/Anims/CSSUSP_v_pist_usp_qc_skeleton_shoot1.uasset" 159
"D:/UE4-Projects/CSS_Remastered/Content/Weapons/USP/Anims/CSSUSP_v_pist_usp_qc_skeleton_shoot1_Montage1.uasset" 160
"D:/UE4-Projects/CSS_Remastered/Content/Weapons/USP/Anims/CSSUSP_v_pist_usp_qc_skeleton_shootlast.uasset" 161
"D:/UE4-Projects/CSS_Remastered/Content/Weapons/USP/Anims/CSSUSP_v_pist_usp_qc_skeleton_shootlast_Montage.uasset" 162
"D:/UE4-Projects/CSS_Remastered/Content/Weapons/USP/Anims/CSSUSP_v_pist_usp_qc_skeleton_shootlast_unsil.uasset" 163
"D:/UE4-Projects/CSS_Remastered/Content/Weapons/USP/Anims/CSSUSP_v_pist_usp_qc_skeleton_shootlast_unsil_Montage.uasset" 164
"D:/UE4-Projects/CSS_Remastered/Content/Weapons/USP/Models/View/pist_usp1.uasset" 165
"D:/UE4-Projects/CSS_Remastered/Content/Weapons/USP/Models/View/pist_usp.uasset" 166
"D:/UE4-Projects/CSS_Remastered/Content/Weapons/USP/Models/View/CSSHand.uasset" 167
"D:/UE4-Projects/CSS_Remastered/Content/Weapons/USP/Models/View/v_hands.uasset" 168
"D:/UE4-Projects/CSS_Remastered/Content/Weapons/USP/Models/View/CSSUSP_PhysicsAsset.uasset" 169
"D:/UE4-Projects/CSS_Remastered/Content/Weapons/USP/Models/View/CSSUSP.uasset" 170
"D:/UE4-Projects/CSS_Remastered/Content/Weapons/USP/Sounds/clipempty_pistol.uasset" 171
"D:/UE4-Projects/CSS_Remastered/Content/Weapons/USP/Sounds/usp1.uasset" 172
"D:/UE4-Projects/CSS_Remastered/Content/Weapons/USP/Sounds/usp_unsil-1.uasset" 173
"D:/UE4-Projects/CSS_Remastered/Content/Weapons/USP/BP_USP.uasset" 174
"D:/UE4-Projects/CSS_Remastered/Content/Sounds/buttonclick.uasset" 175
"D:/UE4-Projects/CSS_Remastered/Content/Player/Blueprints/HUD/Buymenu_UI.uasset" 176
"D:/UE4-Projects/CSS_Remastered/Content/Player/Blueprints/HUD/HUD_UI.uasset" 177
"D:/UE4-Projects/CSS_Remastered/Content/Player/Models/CT/ct_sas1.uasset" 178
"D:/UE4-Projects/CSS_Remastered/Content/Player/Models/CT/ct_sas_normal.uasset" 179
"D:/UE4-Projects/CSS_Remastered/Content/Player/Models/CT/ct_sas.uasset" 180
"D:/UE4-Projects/CSS_Remastered/Content/Player/Models/CT/ct_sas_glass1.uasset" 181
"D:/UE4-Projects/CSS_Remastered/Content/Player/Models/CT/ct_sas_glass_spec.uasset" 182
"D:/UE4-Projects/CSS_Remastered/Content/Player/Models/CT/ct_sas_glass.uasset" 183
"D:/UE4-Projects/CSS_Remastered/Content/Player/Models/CT/GameSAS_PhysicsAsset.uasset" 184
"D:/UE4-Projects/CSS_Remastered/Content/Player/Models/CT/GameSAS.uasset" 185
"D:/UE4-Projects/CSS_Remastered/Content/Player/Sounds/damage1.uasset" 186
"D:/UE4-Projects/CSS_Remastered/Content/Player/Sounds/damage2.uasset" 187
"D:/UE4-Projects/CSS_Remastered/Content/Player/Sounds/damage3.uasset" 188
"D:/UE4-Projects/CSS_Remastered/Content/Player/Sounds/death1.uasset" 189
"D:/UE4-Projects/CSS_Remastered/Content/Player/Sounds/death2.uasset" 190
"D:/UE4-Projects/CSS_Remastered/Content/Player/Sounds/death3.uasset" 191
"D:/UE4-Projects/CSS_Remastered/Content/Player/Sounds/death4.uasset" 192
"D:/UE4-Projects/CSS_Remastered/Content/Player/Sounds/death5.uasset" 193
"D:/UE4-Projects/CSS_Remastered/Content/Player/Sounds/death6.uasset" 194
"D:/UE4-Projects/CSS_Remastered/Content/Weapons/Sounds/itempickup.uasset" 195
"D:/UE4-Projects/CSS_Remastered/Content/Player/BP_Player.uasset" 196
"D:/UE4-Projects/CSS_Remastered/Content/Player/Blueprints/GM_CounterStrike.uasset" 197
"D:/UE4-Projects/CSS_Remastered/Content/Player/Models/CT/GameSAS_Anim_ct_sas_qc_skeleton_ragdoll.uasset" 198
"D:/UE4-Projects/CSS_Remastered/Content/Player/Models/CT/GameSAS_Anim_ct_sas_qc_skeleton_Walk_R.uasset" 199
"D:/UE4-Projects/CSS_Remastered/Content/Player/Sounds/headshot1.uasset" 200
"D:/UE4-Projects/CSS_Remastered/Content/Player/Sounds/headshot2.uasset" 201
"D:/UE4-Projects/CSS_Remastered/Content/Weapons/AK47/Models/World/w_rif_ak48.uasset" 202
"D:/UE4-Projects/CSS_Remastered/Content/Weapons/AK47/Models/World/w_rif_ak47.uasset" 203
"D:/UE4-Projects/CSS_Remastered/Content/Weapons/AK47/Models/World/AK47_World_PhysicsAsset.uasset" 204
"D:/UE4-Projects/CSS_Remastered/Content/Weapons/AK47/Models/World/AK47_World_Skeleton.uasset" 205
"D:/UE4-Projects/CSS_Remastered/Content/Weapons/AK47/Models/World/AK47_World.uasset" 206
"D:/UE4-Projects/CSS_Remastered/Content/Weapons/AK47/BP_AK47_Pickup.uasset" 207
"D:/UE4-Projects/CSS_Remastered/Content/Weapons/AK47/Models/View/AK47_Anim_v_rif_ak47_qc_skeleton_ak47_fire2.uasset" 208
"D:/UE4-Projects/CSS_Remastered/Content/Weapons/AK47/Models/View/AK47_Anim_v_rif_ak47_qc_skeleton_ak47_fire3.uasset" 209
"D:/UE4-Projects/CSS_Remastered/Content/Weapons/AK47/Models/World/AK47_World_Anim.uasset" 210
"D:/UE4-Projects/CSS_Remastered/Content/Weapons/Deagle/Models/Deagle_Anim_v_pist_deagle_qc_skeleton_shoot2.uasset" 211
"D:/UE4-Projects/CSS_Remastered/Content/Weapons/Deagle/Sounds/de_slideback.uasset" 212
"D:/UE4-Projects/CSS_Remastered/Content/Weapons/Granade/Models/View/Granade_Anim_v_eq_fraggrenade_qc_skeleton_pullpin2.uasset" 213
"D:/UE4-Projects/CSS_Remastered/Content/Weapons/Granade/Models/View/Granade_Anim_v_eq_fraggrenade_qc_skeleton_pullpin3.uasset" 214
"D:/UE4-Projects/CSS_Remastered/Content/Weapons/Granade/Models/View/Granade_Anim_v_eq_fraggrenade_qc_skeleton_pullpin4.uasset" 215
"D:/UE4-Projects/CSS_Remastered/Content/Weapons/Granade/Models/World/Granade_World_Anim.uasset" 216
"D:/UE4-Projects/CSS_Remastered/Content/Weapons/USP/Models/World/w_pist_usp1.uasset" 217
"D:/UE4-Projects/CSS_Remastered/Content/Weapons/USP/Models/World/w_pist_usp.uasset" 218
"D:/UE4-Projects/CSS_Remastered/Content/Weapons/USP/Models/World/USP_World_PhysicsAsset.uasset" 219
"D:/UE4-Projects/CSS_Remastered/Content/Weapons/USP/Models/World/USP_World_Skeleton.uasset" 220
"D:/UE4-Projects/CSS_Remastered/Content/Weapons/USP/Models/World/USP_World.uasset" 221
"D:/UE4-Projects/CSS_Remastered/Content/Weapons/USP/BP_USP_Pickup.uasset" 222
"D:/UE4-Projects/CSS_Remastered/Content/Weapons/USP/Anims/CSSUSP_v_pist_usp_qc_skeleton_shoot2.uasset" 223
"D:/UE4-Projects/CSS_Remastered/Content/Weapons/USP/Anims/CSSUSP_v_pist_usp_qc_skeleton_shoot2_unsil.uasset" 224
"D:/UE4-Projects/CSS_Remastered/Content/Weapons/USP/Anims/CSSUSP_v_pist_usp_qc_skeleton_shoot3.uasset" 225
"D:/UE4-Projects/CSS_Remastered/Content/Weapons/USP/Anims/CSSUSP_v_pist_usp_qc_skeleton_shoot3_unsil.uasset" 226
"D:/UE4-Projects/CSS_Remastered/Content/Weapons/USP/Models/World/USP_World_Anim_w_pist_usp_qc_skeleton_idle.uasset" 227
"D:/UE4-Projects/CSS_Remastered/Content/Weapons/USP/Models/World/USP_World_Anim_w_pist_usp_qc_skeleton_idle_001.uasset" 228
"D:/UE4-Projects/CSS_Remastered/Content/Weapons/USP/Sounds/usp_slideback.uasset" 229
"../../../Engine/Content/Animation/DefaultAnimCurveCompressionSettings.uasset" 230
"../../../Engine/Content/ArtTools/RenderToTexture/Meshes/S_1_Unit_Plane.uasset" 231
"../../../Engine/Content/EngineMaterials/DefaultMaterial.uasset" 232
"../../../Engine/Content/BasicShapes/Cone.uasset" 233
"../../../Engine/Content/BasicShapes/Cylinder.uasset" 234
"../../../Engine/Content/BasicShapes/Sphere.uasset" 235
"../../../Engine/Content/EditorLandscapeResources/DataLayer.uasset" 236
"../../../Engine/Content/EditorMaterials/MAT_Groups_Toggle.uasset" 237
"../../../Engine/Content/EditorMaterials/MAT_Groups_Visibility.uasset" 238
"../../../Engine/Content/EditorMaterials/PreviewShadowIndicator.uasset" 239
"../../../Engine/Content/EditorMaterials/PreviewShadowIndicatorMaterial.uasset" 240
"../../../Engine/Content/EditorMaterials/MatineeGroups/MAT_ColorTrack.uasset" 241
"../../../Engine/Content/EditorMaterials/MatineeGroups/MAT_Groups_Anim.uasset" 242
"../../../Engine/Content/EditorMaterials/MatineeGroups/MAT_Groups_AudioMaster.uasset" 243
"../../../Engine/Content/EditorMaterials/MatineeGroups/MAT_Groups_Director.uasset" 244
"../../../Engine/Content/EditorMaterials/MatineeGroups/MAT_Groups_Event.uasset" 245
"../../../Engine/Content/EditorMaterials/MatineeGroups/MAT_Groups_Fade.uasset" 246
"../../../Engine/Content/EditorMaterials/MatineeGroups/MAT_Groups_Float.uasset" 247
"../../../Engine/Content/EditorMaterials/MatineeGroups/MAT_Groups_Move.uasset" 248
"../../../Engine/Content/EditorMaterials/MatineeGroups/MAT_Groups_Slomo.uasset" 249
"../../../Engine/Content/EditorMaterials/MatineeGroups/MAT_Groups_Sound.uasset" 250
"../../../Engine/Content/EditorMaterials/MatineeGroups/MAT_Groups_Vector.uasset" 251
"../../../Engine/Content/EditorMaterials/ParticleSystems/PSysThumbnail_NoImage.uasset" 252
"../../../Engine/Content/EditorMaterials/ParticleSystems/PSysThumbnail_OOD.uasset" 253
"../../../Engine/Content/EditorMaterials/Camera/CineMat.uasset" 254
"../../../Engine/Content/EditorMaterials/Camera/MI_CineMat_Rig.uasset" 255
"../../../Engine/Content/EditorMeshes/Camera/SM_CraneRig_Arm.uasset" 256
"../../../Engine/Content/EditorMeshes/Camera/SM_CraneRig_Base.uasset" 257
"../../../Engine/Content/EditorMeshes/Camera/SM_CraneRig_Body.uasset" 258
"../../../Engine/Content/EditorMeshes/Camera/SM_CraneRig_Mount.uasset" 259
"../../../Engine/Content/EditorMeshes/Camera/SM_RailRig_Mount.uasset" 260
"../../../Engine/Content/EditorMeshes/Camera/SM_RailRig_Track.uasset" 261
"../../../Engine/Content/EditorResources/BSPVertex.uasset" 262
"../../../Engine/Content/EditorResources/EmptyActor.uasset" 263
"../../../Engine/Content/EditorResources/S_Actor.uasset" 264
"../../../Engine/Content/EditorResources/S_Note.uasset" 265
"../../../Engine/Content/EditorResources/S_Solver.uasset" 266
"../../../Engine/Content/EditorResources/S_Trigger.uasset" 267
"../../../Engine/Content/EditorResources/AudioIcons/S_AudioComponent_AutoActivate.uasset" 268
"../../../Engine/Content/EditorResources/LightIcons/S_LightError.uasset" 269
"../../../Engine/Content/EditorResources/SequenceRecorder/Countdown.uasset" 270
"../../../Engine/Content/EditorResources/SequenceRecorder/RecordingIndicator.uasset" 271
"../../../Engine/Content/EditorSounds/Notifications/CompileFailed.uasset" 272
"../../../Engine/Content/EditorSounds/Notifications/CompileFailed_Cue.uasset" 273
"../../../Engine/Content/EditorSounds/Notifications/CompileSuccess.uasset" 274
"../../../Engine/Content/EditorSounds/Notifications/CompileStart_Cue.uasset" 275
"../../../Engine/Content/EditorSounds/Notifications/CompileSuccess_Cue.uasset" 276
"../../../Engine/Content/EngineDamageTypes/DmgTypeBP_Environmental.uasset" 277
"../../../Engine/Content/EngineDebugMaterials/DebugEditorMaterial.uasset" 278
"../../../Engine/Content/EngineDebugMaterials/DebugMeshMaterial.uasset" 279
"../../../Engine/Content/EngineDebugMaterials/M_SimpleUnlitTranslucent.uasset" 280
"../../../Engine/Content/Functions/Engine_MaterialFunctions02/Utility/CameraDirectionVector.uasset" 281
"../../../Engine/Content/EngineDebugMaterials/VolumeToRender.uasset" 282
"../../../Engine/Content/EngineDebugMaterials/M_VolumeRenderSphereTracePP.uasset" 283
"../../../Engine/Content/EngineDebugMaterials/WireframeMaterial.uasset" 284
"../../../Engine/Content/EngineFonts/Faces/DroidSansFallback.uasset" 285
"../../../Engine/Content/EngineFonts/Faces/RobotoBold.uasset" 286
"../../../Engine/Content/EngineFonts/Faces/RobotoBoldItalic.uasset" 287
"../../../Engine/Content/EngineFonts/Faces/RobotoItalic.uasset" 288
"../../../Engine/Content/EngineFonts/Faces/RobotoLight.uasset" 289
"../../../Engine/Content/EngineFonts/Faces/RobotoRegular.uasset" 290
"../../../Engine/Content/EngineFonts/Roboto.uasset" 291
"../../../Engine/Content/EngineMaterials/BaseFlattenDiffuseMap.uasset" 292
"../../../Engine/Content/EngineMaterials/BaseFlattenEmissiveMap.uasset" 293
"../../../Engine/Content/EngineMaterials/BaseFlattenGrayscaleMap.uasset" 294
"../../../Engine/Content/EngineMaterials/BaseFlattenNormalMap.uasset" 295
"../../../Engine/Content/EngineMaterials/BaseFlattenMaterial.uasset" 296
"../../../Engine/Content/EngineMaterials/BlueNoise.uasset" 297
"../../../Engine/Content/EngineMaterials/DefaultBloomKernel.uasset" 298
"../../../Engine/Content/EngineMaterials/DefaultBokeh.uasset" 299
"../../../Engine/Content/EngineMaterials/DefaultDiffuse.uasset" 300
"../../../Engine/Content/EngineMaterials/DefaultDeferredDecalMaterial.uasset" 301
"../../../Engine/Content/EngineMaterials/DefaultLightFunctionMaterial.uasset" 302
"../../../Engine/Content/EngineMaterials/DefaultPhysicalMaterial.uasset" 303
"../../../Engine/Content/Functions/Engine_MaterialFunctions02/Utility/BreakOutFloat2Components.uasset" 304
"../../../Engine/Content/EngineMaterials/DefaultPostProcessMaterial.uasset" 305
"../../../Engine/Content/EngineFonts/RobotoDistanceField.uasset" 306
"../../../Engine/Content/EngineMaterials/DefaultTextMaterialOpaque.uasset" 307
"../../../Engine/Content/EngineMaterials/DefaultWhiteGrid.uasset" 308
"../../../Engine/Content/EngineMaterials/DefaultWhiteGrid_Low.uasset" 309
"../../../Engine/Content/EngineMaterials/EmissiveMeshMaterial.uasset" 310
"../../../Engine/Content/EngineMaterials/GizmoMaterial.uasset" 311
"../../../Engine/Content/EngineMaterials/Good64x64TilingNoiseHighFreq.uasset" 312
"../../../Engine/Content/EngineMaterials/MiniFont.uasset" 313
"../../../Engine/Content/EngineMaterials/InvalidLightmapSettings.uasset" 314
"../../../Engine/Content/EngineMaterials/M_InvalidLightmapSettings.uasset" 315
"../../../Engine/Content/Functions/Engine_MaterialFunctions02/WorldPositionOffset/CameraOffset.uasset" 316
"../../../Engine/Content/EngineMaterials/PhAT_JointLimitMaterial.uasset" 317
"../../../Engine/Content/EngineMaterials/PreintegratedSkinBRDF.uasset" 318
"../../../Engine/Content/EngineMaterials/RemoveSurfaceMaterial.uasset" 319
"../../../Engine/Content/EngineMaterials/WeightMapPlaceholderTexture.uasset" 320
"../../../Engine/Content/EngineResources/WhiteSquareTexture.uasset" 321
"../../../Engine/Content/EngineMaterials/Widget3DPassThrough.uasset" 322
"../../../Engine/Content/EngineMaterials/Widget3DPassThrough_Masked.uasset" 323
"../../../Engine/Content/EngineMaterials/Widget3DPassThrough_Opaque.uasset" 324
"../../../Engine/Content/EngineMaterials/Widget3DPassThrough_Masked_OneSided.uasset" 325
"../../../Engine/Content/EngineMaterials/Widget3DPassThrough_Opaque_OneSided.uasset" 326
"../../../Engine/Content/EngineMaterials/Widget3DPassThrough_Translucent.uasset" 327
"../../../Engine/Content/EngineMaterials/Widget3DPassThrough_Translucent_OneSided.uasset" 328
"../../../Engine/Content/EngineMeshes/Cylinder.uasset" 329
"../../../Engine/Content/EngineMeshes/Sphere.uasset" 330
"../../../Engine/Content/EngineResources/Black.uasset" 331
"../../../Engine/Content/EngineResources/DefaultTexture.uasset" 332
"../../../Engine/Content/EngineResources/DefaultTextureCube.uasset" 333
"../../../Engine/Content/EngineResources/DefaultVolumeTexture2D.uasset" 334
"../../../Engine/Content/EngineResources/DefaultVolumeTexture.uasset" 335
"../../../Engine/Content/EngineResources/GradientTexture0.uasset" 336
"../../../Engine/Content/EngineSounds/Master.uasset" 337
"../../../Engine/Content/Functions/Engine_MaterialFunctions01/Shading/ConvertFromDiffSpec.uasset" 338
"../../../Engine/Content/Functions/Engine_MaterialFunctions01/Shading/PowerToRoughness.uasset" 339
"../../../Engine/Content/Maps/Templates/Thumbnails/Default.uasset" 340
"../../../Engine/Content/Maps/Templates/Thumbnails/TimeOfDay.uasset" 341
"../../../Engine/Content/Maps/Templates/Thumbnails/VR-Basic.uasset" 342
"../../../Engine/Content/MobileResources/T_MobileControls_texture.uasset" 343
"../../../Engine/Content/MobileResources/T_MobileMenu2.uasset" 344
"../../../Engine/Content/MobileResources/HUD/AnalogHat.uasset" 345
"../../../Engine/Content/MobileResources/HUD/VirtualJoystick_Background.uasset" 346
"../../../Engine/Content/MobileResources/HUD/VirtualJoystick_Thumb.uasset" 347
"../../../Engine/Content/MobileResources/HUD/DefaultVirtualJoysticks.uasset" 348
"../../../Engine/Content/MobileResources/HUD/LeftVirtualJoystickOnly.uasset" 349
"../../../Engine/Content/MobileResources/HUD/MobileHUDButton1_off.uasset" 350
"../../../Engine/Content/MobileResources/HUD/MobileHUDButton1_on.uasset" 351
"../../../Engine/Content/MobileResources/HUD/MobileHUDButton2_off.uasset" 352
"../../../Engine/Content/MobileResources/HUD/MobileHUDButton2_on.uasset" 353
"../../../Engine/Content/MobileResources/HUD/MobileHUDButton3.uasset" 354
"../../../Engine/Content/MobileResources/HUD/MobileHUDButtonFire.uasset" 355
"../../../Engine/Content/MobileResources/HUD/MobileHUDDirectionPad.uasset" 356
"../../../Engine/Content/MobileResources/HUD/MobileHUDDirectionPad2.uasset" 357
"../../../Engine/Content/MobileResources/HUD/MobileHUDDirectionPad3.uasset" 358
"../../../Engine/Content/MobileResources/HUD/MobileHUDDirectionStick.uasset" 359
"../../../Engine/Content/MobileResources/HUD/T_Castle_ThumbstickInner.uasset" 360
"../../../Engine/Content/MobileResources/HUD/T_Castle_ThumbstickOutter.uasset" 361
"../../../Engine/Content/Tutorial/ContentIntroCurve.uasset" 362
"../../../Engine/Content/Tutorial/Basics/LevelEditorAttract.uasset" 363
"../../../Engine/Content/VREditor/LaserPointer/VR_LaserPower_01.uasset" 364
"../../../Engine/Content/VREditor/TransformGizmo/TransformGizmoMaterial.uasset" 365
"../../../Engine/Content/VREditor/TransformGizmo/TranslucentTransformGizmoMaterial.uasset" 366
"../../../Engine/Content/VREditor/TransformGizmo/BoundingBoxCorner.uasset" 367
"../../../Engine/Content/VREditor/TransformGizmo/BoundingBoxEdge.uasset" 368
"../../../Engine/Content/VREditor/TransformGizmo/PlaneTranslationHandle.uasset" 369
"../../../Engine/Content/VREditor/TransformGizmo/Main.uasset" 370
"../../../Engine/Content/VREditor/TransformGizmo/Xray.uasset" 371
"../../../Engine/Content/VREditor/TransformGizmo/SM_Sequencer_Key.uasset" 372
"../../../Engine/Content/VREditor/TransformGizmo/SM_Sequencer_Node.uasset" 373
"../../Plugins/2D/Paper2D/Content/PlaceholderTextures/DummySpriteTexture.uasset" 374
"../../Plugins/2D/Paper2D/Content/DummySprite.uasset" 375
"../../Plugins/2D/Paper2D/Content/DefaultPaperTerrainMaterial.uasset" 376
"../../Plugins/2D/Paper2D/Content/DefaultSpriteMaterial.uasset" 377
"../../Plugins/2D/Paper2D/Content/MaskedUnlitSpriteMaterial.uasset" 378
"../../Plugins/2D/Paper2D/Content/OpaqueUnlitSpriteMaterial.uasset" 379
"../../Plugins/FX/Niagara/Content/Enums/ENiagaraBooleanLogicOps.uasset" 380
"../../Plugins/FX/Niagara/Content/Enums/ENiagaraCoordinateSpace.uasset" 381
"../../Plugins/FX/Niagara/Content/Enums/ENiagaraExpansionMode.uasset" 382
"../../Plugins/FX/Niagara/Content/Enums/ENiagaraOrientationAxis.uasset" 383
"../../Plugins/FX/Niagara/Content/Enums/ENiagaraRandomnessMode.uasset" 384
"../../../Engine/Content/Functions/Engine_MaterialFunctions02/Utility/BreakOutFloat4Components.uasset" 385
"../../../Engine/Content/Functions/Engine_MaterialFunctions02/Utility/MakeFloat2.uasset" 386
"../../../Engine/Content/Functions/Engine_MaterialFunctions02/Utility/MakeFloat3.uasset" 387
"../../Plugins/Runtime/Oculus/OculusVR/Content/Materials/OculusMR_ChromaKey.uasset" 388
"../../Plugins/Runtime/Oculus/OculusVR/Content/Materials/OculusMR_ChromaKey_Lit.uasset" 389
"../../Plugins/Runtime/Oculus/OculusVR/Content/Materials/OculusMR_OpaqueColoredMaterial.uasset" 390
"../../Plugins/Runtime/Oculus/OculusVR/Content/Materials/OculusMR_WhiteMaterial.uasset" 391
"../../../Engine/Content/EngineSky/C_Sky_Cloud_Color.uasset" 392
"../../../Engine/Content/EngineSky/C_Sky_Horizon_Color.uasset" 393
"../../../Engine/Content/EngineSky/C_Sky_Zenith_Color.uasset" 394
"../../../Engine/Content/EngineSky/T_Sky_Blue.uasset" 395
"../../../Engine/Content/EngineSky/T_Sky_Clouds_M.uasset" 396
"../../../Engine/Content/EngineSky/T_Sky_Stars.uasset" 397
"../../../Engine/Content/EngineSky/M_Sky_Panning_Clouds2.uasset" 398
"../../../Engine/Content/EngineSky/SM_SkySphere.uasset" 399
"../../../Engine/Content/EngineSky/BP_Sky_Sphere.uasset" 400
"D:/UE4-Projects/CSS_Remastered/Content/Objects/Door/Textures/nuke_officedoor_01.uasset" 401
"D:/UE4-Projects/CSS_Remastered/Content/Objects/Door/Textures/nuke_officedoor_01_Mat.uasset" 402
"D:/UE4-Projects/CSS_Remastered/Content/Objects/Door/Models/doorknob_ref.uasset" 403
"D:/UE4-Projects/CSS_Remastered/Content/Objects/Door/Models/doorknob1.uasset" 404
"D:/UE4-Projects/CSS_Remastered/Content/Objects/Door/Models/DoorKnob_PhysicsAsset.uasset" 405
"D:/UE4-Projects/CSS_Remastered/Content/Objects/Door/Models/DoorKnob.uasset" 406
"D:/UE4-Projects/CSS_Remastered/Content/Objects/Door/Sounds/door_metal_gate_close1.uasset" 407
"D:/UE4-Projects/CSS_Remastered/Content/Objects/Door/Sounds/door_metal_gate_move1.uasset" 408
"D:/UE4-Projects/CSS_Remastered/Content/Objects/Door/BP_Door.uasset" 409
"D:/UE4-Projects/CSS_Remastered/Content/Objects/Filecabnet/Models/file_cabinet2.uasset" 410
"D:/UE4-Projects/CSS_Remastered/Content/Objects/Filecabnet/Models/File_cabinet1.uasset" 411
"D:/UE4-Projects/CSS_Remastered/Content/Objects/Filecabnet/Models/FileCab_PhysicsAsset.uasset" 412
"D:/UE4-Projects/CSS_Remastered/Content/Objects/Filecabnet/Models/FileCab.uasset" 413
"D:/UE4-Projects/CSS_Remastered/Content/Objects/Filecabnet/BP_FilingCabnet.uasset" 414
"D:/UE4-Projects/CSS_Remastered/Content/Objects/Office_Chair/Models/chair_office1.uasset" 415
"D:/UE4-Projects/CSS_Remastered/Content/Objects/Office_Chair/Models/Chair_office.uasset" 416
"D:/UE4-Projects/CSS_Remastered/Content/Objects/Office_Chair/Models/OfficeChair_PhysicsAsset.uasset" 417
"D:/UE4-Projects/CSS_Remastered/Content/Objects/Office_Chair/Models/OfficeChair.uasset" 418
"D:/UE4-Projects/CSS_Remastered/Content/Objects/Office_Chair/BP_OfficeChair.uasset" 419
"D:/UE4-Projects/CSS_Remastered/Content/Maps/Testing_BuiltData.uasset" 420
"../../../Engine/Content/BasicShapes/BasicShapeMaterial.uasset" 421
"D:/UE4-Projects/CSS_Remastered/Content/Textures/concretefloor011a.uasset" 422
"D:/UE4-Projects/CSS_Remastered/Content/Textures/concretefloor011a_N.uasset" 423
"D:/UE4-Projects/CSS_Remastered/Content/Materials/Concrete_M.uasset" 424
"D:/UE4-Projects/CSS_Remastered/Content/Textures/offwndwb.uasset" 425
"D:/UE4-Projects/CSS_Remastered/Content/Materials/Glass_M.uasset" 426
"D:/UE4-Projects/CSS_Remastered/Content/Materials/Mirror.uasset" 427
"D:/UE4-Projects/CSS_Remastered/Content/Textures/woodfloor005a.uasset" 428
"D:/UE4-Projects/CSS_Remastered/Content/Materials/Wood_M.uasset" 429
"D:/UE4-Projects/CSS_Remastered/Content/Textures/milbeams002.uasset" 430
"D:/UE4-Projects/CSS_Remastered/Content/Materials/WoodFloor_M.uasset" 431
"D:/UE4-Projects/CSS_Remastered/Content/Textures/woodwall034a.uasset" 432
"D:/UE4-Projects/CSS_Remastered/Content/Materials/WoodWall_M.uasset" 433
"../../../Engine/Content/BasicShapes/Cube.uasset" 434
"../../../Engine/Content/MapTemplates/SM_Template_Map_Floor.uasset" 435
"D:/UE4-Projects/CSS_Remastered/Content/Sounds/refinery_loop_1.uasset" 436
"D:/UE4-Projects/CSS_Remastered/Content/Maps/Testing.umap" 437
"../../../Engine/Content/Maps/Entry_BuiltData.uasset" 438
"../../../Engine/Content/Maps/Entry.umap" 439
